<?xml version="1.0" encoding="UTF-8"?>
<testsuite xmlns:xsi="http://www.w3.org/2001/XMLSchema-instance" xsi:noNamespaceSchemaLocation="https://maven.apache.org/surefire/maven-surefire-plugin/xsd/surefire-test-report.xsd" name="com.openway.submission.AppTest" time="0.195" tests="7" errors="0" skipped="0" failures="0">
  <properties>
[...]
</properties>
  <testcase name="testLargeNumbers" classname="com.openway.submission.AppTest" time="0.003"/>
  <testcase name="testMixedSigns" classname="com.openway.submission.AppTest" time="0"/>
  <testcase name="testNegativeNumbers" classname="com.openway.submission.AppTest" time="0"/>
  <testcase name="testPositiveNumbers" classname="com.openway.submission.AppTest" time="0"/>
  <testcase name="testSmallNumbers" classname="com.openway.submission.AppTest" time="0"/>
  <testcase name="testZeroDenominator" classname="com.openway.submission.AppTest" time="0"/>
  <testcase name="testZeroDivision" classname="com.openway.submission.AppTest" time="0"/>
</testsuite>